0 info it worked if it ends with ok
1 verbose cli [ '/Users/markgreenwood/.node/bin/node',
1 verbose cli   '/Users/markgreenwood/.node/bin/npm',
1 verbose cli   'run',
1 verbose cli   'e2e' ]
2 info using npm@3.10.8
3 info using node@v6.8.1
4 verbose run-script [ 'pree2e', 'e2e', 'poste2e' ]
5 info lifecycle pet-store@0.1.0~pree2e: pet-store@0.1.0
6 silly lifecycle pet-store@0.1.0~pree2e: no script for pree2e, continuing
7 info lifecycle pet-store@0.1.0~e2e: pet-store@0.1.0
8 verbose lifecycle pet-store@0.1.0~e2e: unsafe-perm in lifecycle true
9 verbose lifecycle pet-store@0.1.0~e2e: PATH: /Users/markgreenwood/.node/lib/node_modules/npm/bin/node-gyp-bin:/Users/markgreenwood/Documents/Projects/401/lab-assignments/my-forked-labs/pet-store/app/node_modules/.bin:/Users/markgreenwood/.node/bin://anaconda/envs/py27/bin:/Users/markgreenwood/.rbenv/shims:/Users/markgreenwood/mongodb/bin:/Library/Frameworks/Python.framework/Versions/3.4/bin:/Users/markgreenwood/.rbenv/shims:/Users/markgreenwood/mongodb/bin:/Library/Frameworks/Python.framework/Versions/3.4/bin:/usr/local/bin:/usr/bin:/bin:/usr/sbin:/sbin:/opt/X11/bin:/Users/markgreenwood
10 verbose lifecycle pet-store@0.1.0~e2e: CWD: /Users/markgreenwood/Documents/Projects/401/lab-assignments/my-forked-labs/pet-store/app
11 silly lifecycle pet-store@0.1.0~e2e: Args: [ '-c', 'protractor' ]
12 silly lifecycle pet-store@0.1.0~e2e: Returned: code: 1  signal: null
13 info lifecycle pet-store@0.1.0~e2e: Failed to exec e2e script
14 verbose stack Error: pet-store@0.1.0 e2e: `protractor`
14 verbose stack Exit status 1
14 verbose stack     at EventEmitter.<anonymous> (/Users/markgreenwood/.node/lib/node_modules/npm/lib/utils/lifecycle.js:255:16)
14 verbose stack     at emitTwo (events.js:106:13)
14 verbose stack     at EventEmitter.emit (events.js:191:7)
14 verbose stack     at ChildProcess.<anonymous> (/Users/markgreenwood/.node/lib/node_modules/npm/lib/utils/spawn.js:40:14)
14 verbose stack     at emitTwo (events.js:106:13)
14 verbose stack     at ChildProcess.emit (events.js:191:7)
14 verbose stack     at maybeClose (internal/child_process.js:877:16)
14 verbose stack     at Process.ChildProcess._handle.onexit (internal/child_process.js:226:5)
15 verbose pkgid pet-store@0.1.0
16 verbose cwd /Users/markgreenwood/Documents/Projects/401/lab-assignments/my-forked-labs/pet-store/app
17 error Darwin 14.5.0
18 error argv "/Users/markgreenwood/.node/bin/node" "/Users/markgreenwood/.node/bin/npm" "run" "e2e"
19 error node v6.8.1
20 error npm  v3.10.8
21 error code ELIFECYCLE
22 error pet-store@0.1.0 e2e: `protractor`
22 error Exit status 1
23 error Failed at the pet-store@0.1.0 e2e script 'protractor'.
23 error Make sure you have the latest version of node.js and npm installed.
23 error If you do, this is most likely a problem with the pet-store package,
23 error not with npm itself.
23 error Tell the author that this fails on your system:
23 error     protractor
23 error You can get information on how to open an issue for this project with:
23 error     npm bugs pet-store
23 error Or if that isn't available, you can get their info via:
23 error     npm owner ls pet-store
23 error There is likely additional logging output above.
24 verbose exit [ 1, true ]
